[02:23:25] [Craft Scheduler Thread - 808 - Vault/INFO]: [Vault] Checking for Updates ... 
[02:23:25] [Craft Scheduler Thread - 808 - Vault/INFO]: [Vault] No new version available
[05:24:01] [Server thread/INFO]: CONSOLE: Are you sure you wish to reload your server? Doing so may cause bugs and memory leaks. It is recommended to restart instead of using /reload. To confirm, please type /reload confirm
[05:24:11] [Server thread/INFO]: Unknown command. Type "/help" for help.
[07:32:56] [Server thread/INFO]: Stopping the server
[07:32:56] [Server thread/INFO]: Stopping server
[07:32:56] [Server thread/INFO]: [AuraSkills] Disabling AuraSkills v2.0.6
[07:32:56] [Server thread/INFO]: [Chunky] Disabling Chunky v1.3.136
[07:32:56] [Server thread/INFO]: [EssentialsSpawn] Disabling EssentialsSpawn v2.21.0-dev+78-c60ed56
[07:32:56] [Server thread/INFO]: [ItemEdit] Disabling ItemEdit v3.1.13
[07:32:56] [Server thread/INFO]: [PlaceholderAPI] Unregistered placeholder expansion itemedit
[07:32:56] [Server thread/INFO]: [PlaceholderAPI] Reason: required plugin ItemEdit was disabled.
[07:32:56] [Server thread/INFO]: [MineableGems] Disabling MineableGems v1.11.3
[07:32:56] [Server thread/INFO]: [NametagEdit] Disabling NametagEdit v4.5.23
[07:32:56] [Server thread/INFO]: [ProtectionStones] Disabling ProtectionStones v2.10.4
[07:32:56] [Server thread/INFO]: [RealMines] Disabling RealMines v1.7.3
[07:32:56] [Server thread/INFO]: [Shopkeepers] Disabling Shopkeepers v2.19.0
[07:32:56] [Server thread/INFO]: [SimpleScore] Disabling SimpleScore v3.12.5
[07:32:56] [Server thread/INFO]: [SuperEnchants] Disabling SuperEnchants v0.0.3
[07:32:56] [Server thread/INFO]: [SuperEnchants] [STDOUT] SuperEnchants has been disabled!
[07:32:56] [Server thread/WARN]: Nag author(s): '[]' of 'SuperEnchants v0.0.3' about their usage of System.out/err.print. Please use your plugin's logger instead (JavaPlugin#getLogger).
[07:32:56] [Server thread/INFO]: [Essentials] Disabling Essentials v2.21.0-dev+78-c60ed56
[07:32:56] [Server thread/INFO]: [Vault] [Economy] Essentials Economy unhooked.
[07:32:56] [Server thread/INFO]: [PlaceholderAPI] Disabling PlaceholderAPI v2.11.5
[07:32:56] [Server thread/INFO]: [WorldGuard] Disabling WorldGuard v7.0.9+5934e49
[07:32:56] [Server thread/INFO]: [WorldGuard] Shutting down executor and cancelling any pending tasks...
[07:32:56] [Server thread/INFO]: [WorldEdit] Disabling WorldEdit v7.3.0+6678-55745ad
[07:32:56] [Server thread/INFO]: Unregistering com.sk89q.worldedit.bukkit.BukkitServerInterface from WorldEdit
[07:32:56] [Server thread/INFO]: [Vault] Disabling Vault v1.7.3-b131
[07:32:56] [Server thread/INFO]: [LuckPerms] Disabling LuckPerms v5.4.126
[07:32:56] [Server thread/INFO]: [LuckPerms] Starting shutdown process...
[07:32:56] [Server thread/INFO]: [LuckPerms] Closing storage...
[07:32:56] [Server thread/INFO]: [LuckPerms] Goodbye!
[07:32:56] [Server thread/INFO]: [ViaVersion] Disabling ViaVersion v4.9.3
[07:32:56] [Server thread/INFO]: [ViaVersion] ViaVersion is disabling, if this is a reload and you experience issues consider rebooting.
[07:32:56] [Server thread/INFO]: Saving players
[07:32:56] [Server thread/INFO]: Saving worlds
[07:32:56] [Server thread/INFO]: Saving chunks for level 'ServerLevel[world]'/minecraft:overworld
[07:32:56] [Server thread/INFO]: [ChunkHolderManager] Waiting 60s for chunk system to halt for world 'world'
[07:32:56] [Server thread/INFO]: [ChunkHolderManager] Halted chunk system for world 'world'
[07:32:56] [Server thread/INFO]: [ChunkHolderManager] Saving all chunkholders for world 'world'
[07:32:57] [Server thread/INFO]: [ChunkHolderManager] Saved 16 block chunks, 0 entity chunks, 0 poi chunks in world 'world' in 0.79s
[07:32:57] [Server thread/INFO]: ThreadedAnvilChunkStorage (world): All chunks are saved
[07:32:57] [Server thread/INFO]: Saving chunks for level 'ServerLevel[world_nether]'/minecraft:the_nether
[07:32:57] [Server thread/INFO]: [ChunkHolderManager] Waiting 60s for chunk system to halt for world 'world_nether'
[07:32:57] [Server thread/INFO]: [ChunkHolderManager] Halted chunk system for world 'world_nether'
[07:32:57] [Server thread/INFO]: [ChunkHolderManager] Saving all chunkholders for world 'world_nether'
[07:32:57] [Server thread/INFO]: [ChunkHolderManager] Saved 0 block chunks, 22 entity chunks, 0 poi chunks in world 'world_nether' in 0.02s
[07:32:57] [Server thread/INFO]: ThreadedAnvilChunkStorage (DIM-1): All chunks are saved
[07:32:57] [Server thread/INFO]: Saving chunks for level 'ServerLevel[world_the_end]'/minecraft:the_end
[07:32:57] [Server thread/INFO]: [ChunkHolderManager] Waiting 60s for chunk system to halt for world 'world_the_end'
[07:32:57] [Server thread/INFO]: [ChunkHolderManager] Halted chunk system for world 'world_the_end'
[07:32:57] [Server thread/INFO]: [ChunkHolderManager] Saving all chunkholders for world 'world_the_end'
[07:32:57] [Server thread/INFO]: [ChunkHolderManager] Saved 0 block chunks, 10 entity chunks, 0 poi chunks in world 'world_the_end' in 0.01s
[07:32:57] [Server thread/INFO]: ThreadedAnvilChunkStorage (DIM1): All chunks are saved
[07:32:57] [Server thread/INFO]: ThreadedAnvilChunkStorage: All dimensions are saved
[07:32:57] [Server thread/INFO]: Flushing Chunk IO
[07:32:57] [Server thread/INFO]: Closing Thread Pool
[07:32:57] [Server thread/INFO]: Closing Server
